<?xml version="1.0" encoding="UTF-8"?>
<!-- Generated by org.testng.reporters.JUnitXMLReporter -->
<testsuite ignored="2" hostname="INBAN5CG8441LZD" failures="0" tests="6" name="Test" time="0.849" errors="0" timestamp="2020-11-25T10:16:26 IST">
  <testcase classname="extent_report.test_report1" name="Rtest1" time="0.005"/>
  <testcase classname="extent_report.test_report1" name="Rtest2" time="0.0"/>
  <testcase classname="extent_report.test_report1" name="Rtest3" time="0.001"/>
  <testcase classname="extent_report.test_report" name="test1" time="0.001"/>
  <testcase classname="extent_report.test_report" name="test2" time="0.001"/>
  <testcase classname="extent_report.test_report" name="test3" time="0.001"/>
  <testcase classname="extent_report.extent_frame" name="@AfterSuite stop_test" time="0.0">
    <ignored/>
  </testcase> <!-- @AfterSuite stop_test -->
  <testcase classname="extent_report.extent_frame" name="@BeforeSuite extreport" time="0.0">
    <ignored/>
  </testcase> <!-- @BeforeSuite extreport -->
</testsuite> <!-- Test -->
