<?xml version="1.0" encoding="UTF-8"?>
<testsuite xmlns:xsi="http://www.w3.org/2001/XMLSchema-instance" xsi:noNamespaceSchemaLocation="https://maven.apache.org/surefire/maven-surefire-plugin/xsd/surefire-test-report-3.0.xsd" version="3.0" name="TestSuite" time="2.015" tests="6" errors="0" skipped="0" failures="0">
  <properties>
[...]
</properties>
  <testcase name="Rtest1" classname="extent_report.test_report1" time="0.01">
    <system-out><![CDATA[I am in Rtest1
]]></system-out>
  </testcase>
  <testcase name="Rtest2" classname="extent_report.test_report1" time="0">
    <system-out><![CDATA[I am in Rtest2
]]></system-out>
  </testcase>
  <testcase name="Rtest3" classname="extent_report.test_report1" time="0.004">
    <system-out><![CDATA[I am in Rtest3
]]></system-out>
  </testcase>
  <testcase name="test1[4, 1](1)" classname="extent_report.test_report" time="0">
    <system-out><![CDATA[I am in test1
]]></system-out>
  </testcase>
  <testcase name="test2" classname="extent_report.test_report" time="0.003">
    <system-out><![CDATA[I am in test2
]]></system-out>
  </testcase>
  <testcase name="test3" classname="extent_report.test_report" time="0.003">
    <system-out><![CDATA[I am in test3
]]></system-out>
  </testcase>
</testsuite>