<?xml version="1.0" encoding="UTF-8"?>
<testng-results ignored="2" total="8" passed="6" failed="0" skipped="0">
  <reporter-output>
  </reporter-output>
  <suite started-at="2020-11-25T10:16:25 IST" name="Suite" finished-at="2020-11-25T10:16:26 IST" duration-ms="849">
    <groups>
      <group name="Sanity">
        <method signature="test_report.test3()[pri:0, instance:extent_report.test_report@291caca8]" name="test3" class="extent_report.test_report"/>
        <method signature="test_report1.Rtest2()[pri:0, instance:extent_report.test_report1@399c4be1]" name="Rtest2" class="extent_report.test_report1"/>
        <method signature="test_report1.Rtest3()[pri:0, instance:extent_report.test_report1@399c4be1]" name="Rtest3" class="extent_report.test_report1"/>
      </group> <!-- Sanity -->
      <group name="Smoke">
        <method signature="test_report.test1(int, int)[pri:0, instance:extent_report.test_report@291caca8]" name="test1" class="extent_report.test_report"/>
        <method signature="test_report.test2()[pri:0, instance:extent_report.test_report@291caca8]" name="test2" class="extent_report.test_report"/>
        <method signature="test_report.test3()[pri:0, instance:extent_report.test_report@291caca8]" name="test3" class="extent_report.test_report"/>
        <method signature="test_report1.Rtest1()[pri:0, instance:extent_report.test_report1@399c4be1]" name="Rtest1" class="extent_report.test_report1"/>
      </group> <!-- Smoke -->
    </groups>
    <test started-at="2020-11-25T10:16:25 IST" name="Test" finished-at="2020-11-25T10:16:26 IST" duration-ms="849">
      <class name="extent_report.test_report1">
        <test-method is-config="true" signature="extreport()[pri:0, instance:extent_report.test_report1@399c4be1]" started-at="2020-11-25T10:16:25 IST" name="extreport" finished-at="2020-11-25T10:16:25 IST" duration-ms="178" status="PASS">
          <reporter-output>
          </reporter-output>
        </test-method> <!-- extreport -->
        <test-method is-config="true" signature="method_name(java.lang.reflect.Method)[pri:0, instance:extent_report.test_report1@399c4be1]" started-at="2020-11-25T10:16:25 IST" name="method_name" finished-at="2020-11-25T10:16:25 IST" duration-ms="7" status="PASS">
          <params>
            <param index="0">
              <value>
                <![CDATA[public void extent_report.test_report1.Rtest1()]]>
              </value>
            </param>
          </params>
          <reporter-output>
          </reporter-output>
        </test-method> <!-- method_name -->
        <test-method signature="Rtest1()[pri:0, instance:extent_report.test_report1@399c4be1]" started-at="2020-11-25T10:16:25 IST" name="Rtest1" finished-at="2020-11-25T10:16:25 IST" duration-ms="5" status="PASS">
          <reporter-output>
          </reporter-output>
        </test-method> <!-- Rtest1 -->
        <test-method is-config="true" signature="tear(org.testng.ITestResult)[pri:0, instance:extent_report.test_report1@399c4be1]" started-at="2020-11-25T10:16:25 IST" name="tear" finished-at="2020-11-25T10:16:26 IST" duration-ms="354" status="PASS">
          <params>
            <param index="0">
              <value>
                <![CDATA[[TestResult name=Rtest1 status=SUCCESS method=test_report1.Rtest1()[pri:0, instance:extent_report.test_report1@399c4be1] output={null}]]]>
              </value>
            </param>
          </params>
          <reporter-output>
          </reporter-output>
        </test-method> <!-- tear -->
        <test-method is-config="true" signature="method_name(java.lang.reflect.Method)[pri:0, instance:extent_report.test_report1@399c4be1]" started-at="2020-11-25T10:16:26 IST" name="method_name" finished-at="2020-11-25T10:16:26 IST" duration-ms="1" status="PASS">
          <params>
            <param index="0">
              <value>
                <![CDATA[public void extent_report.test_report1.Rtest2()]]>
              </value>
            </param>
          </params>
          <reporter-output>
          </reporter-output>
        </test-method> <!-- method_name -->
        <test-method signature="Rtest2()[pri:0, instance:extent_report.test_report1@399c4be1]" started-at="2020-11-25T10:16:26 IST" name="Rtest2" finished-at="2020-11-25T10:16:26 IST" duration-ms="0" status="PASS">
          <reporter-output>
          </reporter-output>
        </test-method> <!-- Rtest2 -->
        <test-method is-config="true" signature="tear(org.testng.ITestResult)[pri:0, instance:extent_report.test_report1@399c4be1]" started-at="2020-11-25T10:16:26 IST" name="tear" finished-at="2020-11-25T10:16:26 IST" duration-ms="62" status="PASS">
          <params>
            <param index="0">
              <value>
                <![CDATA[[TestResult name=Rtest2 status=SUCCESS method=test_report1.Rtest2()[pri:0, instance:extent_report.test_report1@399c4be1] output={null}]]]>
              </value>
            </param>
          </params>
          <reporter-output>
          </reporter-output>
        </test-method> <!-- tear -->
        <test-method is-config="true" signature="method_name(java.lang.reflect.Method)[pri:0, instance:extent_report.test_report1@399c4be1]" started-at="2020-11-25T10:16:26 IST" name="method_name" finished-at="2020-11-25T10:16:26 IST" duration-ms="1" status="PASS">
          <params>
            <param index="0">
              <value>
                <![CDATA[public void extent_report.test_report1.Rtest3()]]>
              </value>
            </param>
          </params>
          <reporter-output>
          </reporter-output>
        </test-method> <!-- method_name -->
        <test-method signature="Rtest3()[pri:0, instance:extent_report.test_report1@399c4be1]" started-at="2020-11-25T10:16:26 IST" name="Rtest3" finished-at="2020-11-25T10:16:26 IST" duration-ms="1" status="PASS">
          <reporter-output>
          </reporter-output>
        </test-method> <!-- Rtest3 -->
        <test-method is-config="true" signature="tear(org.testng.ITestResult)[pri:0, instance:extent_report.test_report1@399c4be1]" started-at="2020-11-25T10:16:26 IST" name="tear" finished-at="2020-11-25T10:16:26 IST" duration-ms="120" status="PASS">
          <params>
            <param index="0">
              <value>
                <![CDATA[[TestResult name=Rtest3 status=SUCCESS method=test_report1.Rtest3()[pri:0, instance:extent_report.test_report1@399c4be1] output={null}]]]>
              </value>
            </param>
          </params>
          <reporter-output>
          </reporter-output>
        </test-method> <!-- tear -->
        <test-method is-config="true" signature="stop_test()[pri:0, instance:extent_report.test_report1@399c4be1]" started-at="2020-11-25T10:16:26 IST" name="stop_test" finished-at="2020-11-25T10:16:26 IST" duration-ms="2" status="PASS">
          <reporter-output>
          </reporter-output>
        </test-method> <!-- stop_test -->
      </class> <!-- extent_report.test_report1 -->
      <class name="extent_report.test_report">
        <test-method is-config="true" signature="method_name(java.lang.reflect.Method)[pri:0, instance:extent_report.test_report@291caca8]" started-at="2020-11-25T10:16:26 IST" name="method_name" finished-at="2020-11-25T10:16:26 IST" duration-ms="1" status="PASS">
          <params>
            <param index="0">
              <value>
                <![CDATA[public void extent_report.test_report.test1(int,int)]]>
              </value>
            </param>
          </params>
          <reporter-output>
          </reporter-output>
        </test-method> <!-- method_name -->
        <test-method signature="test1(int, int)[pri:0, instance:extent_report.test_report@291caca8]" started-at="2020-11-25T10:16:26 IST" name="test1" finished-at="2020-11-25T10:16:26 IST" duration-ms="1" status="PASS">
          <params>
            <param index="0">
              <value>
                <![CDATA[4]]>
              </value>
            </param>
            <param index="1">
              <value>
                <![CDATA[1]]>
              </value>
            </param>
          </params>
          <reporter-output>
          </reporter-output>
        </test-method> <!-- test1 -->
        <test-method is-config="true" signature="tear(org.testng.ITestResult)[pri:0, instance:extent_report.test_report@291caca8]" started-at="2020-11-25T10:16:26 IST" name="tear" finished-at="2020-11-25T10:16:26 IST" duration-ms="92" status="PASS">
          <params>
            <param index="0">
              <value>
                <![CDATA[[TestResult name=test1 status=SUCCESS method=test_report.test1(int, int)[pri:0, instance:extent_report.test_report@291caca8] output={null}]]]>
              </value>
            </param>
          </params>
          <reporter-output>
          </reporter-output>
        </test-method> <!-- tear -->
        <test-method is-config="true" signature="method_name(java.lang.reflect.Method)[pri:0, instance:extent_report.test_report@291caca8]" started-at="2020-11-25T10:16:26 IST" name="method_name" finished-at="2020-11-25T10:16:26 IST" duration-ms="0" status="PASS">
          <params>
            <param index="0">
              <value>
                <![CDATA[public void extent_report.test_report.test2()]]>
              </value>
            </param>
          </params>
          <reporter-output>
          </reporter-output>
        </test-method> <!-- method_name -->
        <test-method signature="test2()[pri:0, instance:extent_report.test_report@291caca8]" started-at="2020-11-25T10:16:26 IST" name="test2" finished-at="2020-11-25T10:16:26 IST" duration-ms="1" status="PASS">
          <reporter-output>
          </reporter-output>
        </test-method> <!-- test2 -->
        <test-method is-config="true" signature="tear(org.testng.ITestResult)[pri:0, instance:extent_report.test_report@291caca8]" started-at="2020-11-25T10:16:26 IST" name="tear" finished-at="2020-11-25T10:16:26 IST" duration-ms="81" status="PASS">
          <params>
            <param index="0">
              <value>
                <![CDATA[[TestResult name=test2 status=SUCCESS method=test_report.test2()[pri:0, instance:extent_report.test_report@291caca8] output={null}]]]>
              </value>
            </param>
          </params>
          <reporter-output>
          </reporter-output>
        </test-method> <!-- tear -->
        <test-method is-config="true" signature="method_name(java.lang.reflect.Method)[pri:0, instance:extent_report.test_report@291caca8]" started-at="2020-11-25T10:16:26 IST" name="method_name" finished-at="2020-11-25T10:16:26 IST" duration-ms="0" status="PASS">
          <params>
            <param index="0">
              <value>
                <![CDATA[public void extent_report.test_report.test3()]]>
              </value>
            </param>
          </params>
          <reporter-output>
          </reporter-output>
        </test-method> <!-- method_name -->
        <test-method signature="test3()[pri:0, instance:extent_report.test_report@291caca8]" started-at="2020-11-25T10:16:26 IST" name="test3" finished-at="2020-11-25T10:16:26 IST" duration-ms="1" status="PASS">
          <reporter-output>
          </reporter-output>
        </test-method> <!-- test3 -->
        <test-method is-config="true" signature="tear(org.testng.ITestResult)[pri:0, instance:extent_report.test_report@291caca8]" started-at="2020-11-25T10:16:26 IST" name="tear" finished-at="2020-11-25T10:16:26 IST" duration-ms="64" status="PASS">
          <params>
            <param index="0">
              <value>
                <![CDATA[[TestResult name=test3 status=SUCCESS method=test_report.test3()[pri:0, instance:extent_report.test_report@291caca8] output={null}]]]>
              </value>
            </param>
          </params>
          <reporter-output>
          </reporter-output>
        </test-method> <!-- tear -->
      </class> <!-- extent_report.test_report -->
    </test> <!-- Test -->
  </suite> <!-- Suite -->
</testng-results>
